SF:lib\core\app\app.dart
DA:14,1
DA:15,1
DA:16,1
DA:20,1
DA:22,1
DA:23,1
DA:25,1
DA:34,1
DA:36,0
DA:37,0
DA:38,0
DA:39,0
DA:45,0
DA:47,0
DA:48,0
LF:15
LH:8
end_of_record
SF:lib\core\app\app_route.dart
DA:19,3
DA:20,1
DA:21,1
DA:22,1
DA:23,1
DA:24,1
DA:25,1
DA:27,0
DA:28,2
DA:34,0
DA:36,0
LF:11
LH:8
end_of_record
SF:lib\core\app\global.dart
DA:16,3
DA:18,2
DA:20,0
DA:21,0
DA:23,1
DA:24,1
DA:25,1
DA:26,2
DA:29,0
DA:30,0
DA:31,0
DA:33,0
DA:34,0
DA:36,0
DA:37,0
DA:41,0
DA:42,0
DA:43,0
DA:44,0
DA:47,0
DA:48,0
DA:49,0
DA:50,0
DA:51,0
DA:54,0
DA:55,0
DA:57,0
DA:59,0
DA:63,0
DA:64,0
DA:65,0
DA:66,0
DA:67,0
LF:33
LH:6
end_of_record
SF:lib\core\styles\theme.dart
DA:5,0
DA:8,0
DA:9,0
DA:12,3
DA:20,4
LF:5
LH:2
end_of_record
SF:lib\core\styles\translation.dart
DA:14,1
DA:15,1
DA:16,1
DA:17,1
LF:4
LH:4
end_of_record
SF:lib\core\utils\log_util.dart
DA:4,0
DA:8,1
DA:10,1
DA:11,2
DA:15,0
DA:16,0
LF:6
LH:3
end_of_record
SF:lib\widgets\toast.dart
DA:7,0
DA:8,0
DA:9,0
DA:10,0
DA:11,0
DA:12,0
DA:13,0
DA:14,0
DA:15,0
DA:16,0
DA:17,0
DA:18,0
DA:19,0
DA:20,0
DA:21,0
DA:22,0
DA:28,0
DA:30,0
DA:31,0
DA:34,0
DA:35,0
DA:38,0
DA:41,0
DA:44,0
DA:45,0
DA:48,0
DA:49,0
DA:52,0
DA:53,0
DA:56,0
DA:57,0
LF:31
LH:0
end_of_record
SF:lib\pages\guide\guide_view.dart
DA:7,0
DA:12,0
DA:14,0
DA:15,0
DA:16,0
DA:17,0
DA:18,0
DA:19,0
DA:20,0
DA:21,0
DA:22,0
DA:23,0
DA:24,0
DA:26,0
DA:27,0
DA:28,0
DA:30,0
DA:31,0
DA:32,0
DA:33,0
DA:34,0
DA:35,0
DA:36,0
DA:37,0
DA:38,0
DA:40,0
DA:41,0
DA:42,0
DA:44,0
DA:49,0
DA:57,0
DA:58,0
DA:60,0
DA:61,0
DA:62,0
DA:63,0
DA:64,0
DA:68,0
DA:70,0
DA:71,0
DA:72,0
DA:76,0
LF:42
LH:0
end_of_record
SF:lib\pages\home\home_view.dart
DA:8,0
DA:13,0
DA:15,0
DA:16,0
DA:17,0
DA:18,0
DA:19,0
DA:20,0
DA:21,0
DA:22,0
DA:26,0
DA:30,0
DA:31,0
DA:32,0
DA:33,0
DA:34,0
DA:35,0
DA:36,0
DA:38,0
DA:39,0
DA:41,0
DA:42,0
LF:22
LH:0
end_of_record
SF:lib\pages\login\login_view.dart
DA:7,0
DA:12,0
DA:14,0
DA:15,0
DA:16,0
DA:17,0
DA:18,0
DA:19,0
DA:21,0
DA:22,0
DA:24,0
LF:11
LH:0
end_of_record
SF:lib\pages\profile\profile_view.dart
DA:8,0
DA:13,0
DA:15,0
DA:16,0
DA:17,0
DA:19,0
DA:20,0
DA:21,0
DA:22,0
DA:23,0
DA:25,0
DA:26,0
DA:28,0
DA:34,0
DA:35,0
DA:36,0
LF:16
LH:0
end_of_record
SF:lib\pages\settings\settings_view.dart
DA:11,0
DA:16,0
DA:19,0
DA:20,0
DA:21,0
DA:22,0
DA:23,0
DA:24,0
DA:25,0
DA:26,0
DA:27,0
DA:28,0
DA:29,0
DA:30,0
DA:31,0
DA:33,0
DA:34,0
DA:35,0
DA:37,0
DA:40,0
DA:41,0
DA:42,0
DA:43,0
DA:44,0
DA:46,0
DA:48,0
DA:53,0
DA:55,0
DA:56,0
DA:57,0
DA:58,0
DA:59,0
DA:61,0
DA:62,0
DA:63,0
DA:64,0
DA:66,0
DA:73,0
DA:76,0
DA:77,0
DA:78,0
DA:81,0
DA:84,0
DA:86,0
DA:87,0
LF:45
LH:0
end_of_record
SF:lib\pages\splash\splash_view.dart
DA:8,0
DA:12,0
DA:14,0
DA:15,0
DA:16,0
DA:18,0
DA:19,0
DA:25,0
LF:8
LH:0
end_of_record
SF:lib\core\utils\string_utils.dart
DA:7,0
DA:8,0
DA:11,0
DA:12,0
DA:13,0
DA:18,0
DA:19,0
DA:23,0
DA:24,0
DA:25,0
DA:26,0
DA:28,0
DA:29,0
DA:31,0
DA:32,0
DA:33,0
DA:34,0
DA:35,0
DA:36,0
DA:40,0
LF:20
LH:0
end_of_record
SF:lib\modal\user.dart
DA:3,0
DA:13,0
DA:14,0
DA:15,0
DA:16,0
DA:17,0
DA:18,0
DA:19,0
DA:20,0
DA:30,0
DA:31,0
DA:32,0
DA:33,0
DA:34,0
DA:35,0
DA:36,0
DA:37,0
DA:38,0
LF:18
LH:0
end_of_record
SF:lib\core\http\api.dart
DA:7,0
DA:8,0
DA:12,0
DA:13,0
DA:16,0
DA:17,0
DA:20,0
DA:21,0
DA:22,0
DA:25,0
DA:26,0
LF:11
LH:0
end_of_record
SF:lib\core\http\http.dart
DA:15,0
DA:17,0
DA:19,0
DA:23,0
DA:24,0
DA:25,0
DA:26,0
DA:29,0
DA:30,0
DA:34,0
DA:35,0
DA:39,0
DA:41,0
DA:42,0
DA:45,0
DA:54,0
DA:59,0
DA:60,0
DA:63,0
DA:65,0
DA:68,0
DA:74,0
DA:75,0
DA:80,0
DA:83,0
DA:86,0
DA:92,0
DA:93,0
DA:98,0
DA:101,0
DA:104,0
DA:110,0
DA:111,0
DA:116,0
DA:119,0
DA:122,0
DA:127,0
DA:128,0
DA:132,0
DA:135,0
DA:138,0
DA:144,0
DA:145,0
DA:147,0
DA:150,0
DA:153,0
DA:157,0
DA:158,0
DA:159,0
DA:160,0
DA:161,0
DA:162,0
DA:164,0
DA:165,0
DA:166,0
DA:167,0
DA:169,0
DA:170,0
DA:172,0
DA:175,0
DA:176,0
DA:179,0
DA:180,0
DA:182,0
DA:183,0
DA:184,0
DA:185,0
DA:195,0
DA:197,0
DA:199,0
DA:200,0
DA:202,0
DA:205,0
DA:207,0
DA:208,0
DA:211,0
DA:212,0
DA:213,0
DA:214,0
DA:215,0
DA:216,0
DA:217,0
DA:218,0
DA:219,0
DA:220,0
LF:85
LH:0
end_of_record
SF:lib\pages\guide\guide_logic.dart
DA:13,0
DA:15,0
DA:16,0
DA:17,0
DA:18,0
DA:19,0
DA:20,0
DA:25,0
DA:27,0
DA:28,0
DA:29,0
DA:30,0
DA:31,0
DA:35,0
DA:37,0
DA:38,0
DA:40,0
DA:43,0
LF:18
LH:0
end_of_record
SF:lib\pages\guide\guide_state.dart
DA:16,0
LF:1
LH:0
end_of_record
SF:lib\pages\home\home_logic.dart
DA:9,0
DA:10,0
DA:13,0
DA:14,0
DA:15,0
LF:5
LH:0
end_of_record
SF:lib\pages\home\home_state.dart
DA:12,0
LF:1
LH:0
end_of_record
SF:lib\pages\home\main\main_view.dart
DA:8,0
DA:13,0
DA:15,0
DA:17,0
DA:18,0
DA:20,0
DA:22,0
DA:23,0
DA:28,0
DA:30,0
DA:31,0
DA:35,0
DA:39,0
LF:13
LH:0
end_of_record
SF:lib\pages\home\mine\mine_view.dart
DA:8,0
DA:13,0
DA:15,0
DA:16,0
DA:17,0
DA:18,0
DA:19,0
DA:20,0
DA:21,0
DA:22,0
DA:25,0
DA:26,0
DA:27,0
DA:28,0
DA:29,0
DA:30,0
DA:31,0
DA:33,0
DA:35,0
DA:37,0
DA:42,0
DA:43,0
DA:44,0
DA:45,0
DA:46,0
DA:47,0
DA:48,0
DA:56,0
DA:57,0
DA:58,0
DA:59,0
DA:60,0
DA:62,0
DA:63,0
DA:64,0
DA:65,0
DA:66,0
DA:70,0
DA:72,0
DA:73,0
DA:74,0
DA:75,0
DA:76,0
LF:43
LH:0
end_of_record
SF:lib\pages\home\main\main_state.dart
DA:2,0
LF:1
LH:0
end_of_record
SF:lib\pages\home\mine\mine_logic.dart
DA:9,0
DA:10,0
DA:13,0
DA:14,0
DA:17,0
DA:19,0
DA:20,0
DA:22,0
DA:23,0
LF:9
LH:0
end_of_record
SF:lib\pages\home\mine\mine_state.dart
DA:2,0
LF:1
LH:0
end_of_record
SF:lib\pages\login\login_logic.dart
DA:12,0
DA:13,0
DA:14,0
DA:15,0
DA:16,0
DA:17,0
LF:6
LH:0
end_of_record
SF:lib\pages\login\login_state.dart
DA:7,0
LF:1
LH:0
end_of_record
SF:lib\widgets\base_app_bar.dart
DA:4,0
DA:10,0
DA:12,0
DA:13,0
DA:15,0
DA:24,0
DA:25,0
DA:27,0
DA:29,0
DA:36,0
DA:37,0
LF:11
LH:0
end_of_record
SF:lib\pages\profile\profile_logic.dart
DA:17,0
DA:18,0
DA:19,0
DA:20,0
DA:21,0
DA:22,0
DA:25,0
DA:26,0
DA:27,0
DA:29,0
DA:32,0
DA:34,0
DA:35,0
DA:36,0
DA:37,0
DA:41,0
DA:42,0
DA:43,0
DA:44,0
DA:45,0
DA:46,0
DA:47,0
LF:22
LH:0
end_of_record
SF:lib\pages\profile\profile_state.dart
DA:2,0
LF:1
LH:0
end_of_record
SF:lib\pages\settings\settings_logic.dart
DA:9,0
DA:10,0
DA:13,0
DA:14,0
LF:4
LH:0
end_of_record
SF:lib\pages\settings\settings_state.dart
DA:2,0
LF:1
LH:0
end_of_record
SF:lib\pages\splash\splash_logic.dart
DA:6,0
DA:8,0
LF:2
LH:0
end_of_record
